<?xml version="1.0" encoding="UTF-8"?>
<!-- Generated by org.testng.reporters.JUnitXMLReporter -->
<testsuite ignored="0" hostname="DESKTOP-6DLUD7O" failures="0" tests="8" name="Default test" time="23.731" errors="0" timestamp="2020-12-27T17:46:05 EET">
  <testcase classname="Tests.MakeOrderTest" name="HomePage" time="1.476"/>
  <testcase classname="Tests.MakeOrderTest" name="Signup" time="0.832"/>
  <testcase classname="Tests.MakeOrderTest" name="CreateAccount" time="5.144"/>
  <testcase classname="Tests.MakeOrderTest" name="NavigateToSubCategory" time="2.487"/>
  <testcase classname="Tests.MakeOrderTest" name="NavigateToCart" time="2.794"/>
  <testcase classname="Tests.MakeOrderTest" name="ProceedToCheckOut" time="5.762"/>
  <testcase classname="Tests.MakeOrderTest" name="payment" time="3.523"/>
  <testcase classname="Tests.MakeOrderTest" name="Confirm_OrderPlaced" time="1.633"/>
</testsuite> <!-- Default test -->
