<?xml version="1.0" encoding="UTF-8"?>
<testng-results ignored="0" total="8" passed="8" failed="0" skipped="0">
  <reporter-output>
  </reporter-output>
  <suite started-at="2020-12-27T17:45:42 EET" name="Default suite" finished-at="2020-12-27T17:46:05 EET" duration-ms="23731">
    <groups>
    </groups>
    <test started-at="2020-12-27T17:45:42 EET" name="Default test" finished-at="2020-12-27T17:46:05 EET" duration-ms="23731">
      <class name="Tests.MakeOrderTest">
        <test-method is-config="true" signature="startDriver(java.lang.String)[pri:0, instance:Tests.MakeOrderTest@2e1d27ba]" started-at="2020-12-27T17:45:30 EET" name="startDriver" finished-at="2020-12-27T17:45:42 EET" duration-ms="11404" status="PASS">
          <params>
            <param index="0">
              <value>
                <![CDATA[chrome]]>
              </value>
            </param>
          </params>
          <reporter-output>
          </reporter-output>
        </test-method> <!-- startDriver -->
        <test-method signature="HomePage()[pri:1, instance:Tests.MakeOrderTest@2e1d27ba]" started-at="2020-12-27T17:45:42 EET" name="HomePage" finished-at="2020-12-27T17:45:43 EET" duration-ms="1476" status="PASS">
          <reporter-output>
          </reporter-output>
        </test-method> <!-- HomePage -->
        <test-method is-config="true" signature="screenshotOnFailure(org.testng.ITestResult)[pri:0, instance:Tests.MakeOrderTest@2e1d27ba]" started-at="2020-12-27T17:45:43 EET" name="screenshotOnFailure" finished-at="2020-12-27T17:45:43 EET" duration-ms="1" status="PASS">
          <params>
            <param index="0">
              <value>
                <![CDATA[[TestResult name=HomePage status=SUCCESS method=MakeOrderTest.HomePage()[pri:1, instance:Tests.MakeOrderTest@2e1d27ba] output={null}]]]>
              </value>
            </param>
          </params>
          <reporter-output>
          </reporter-output>
        </test-method> <!-- screenshotOnFailure -->
        <test-method signature="Signup()[pri:2, instance:Tests.MakeOrderTest@2e1d27ba]" started-at="2020-12-27T17:45:43 EET" name="Signup" finished-at="2020-12-27T17:45:44 EET" depends-on-methods="Tests.MakeOrderTest.HomePage" duration-ms="832" status="PASS">
          <reporter-output>
          </reporter-output>
        </test-method> <!-- Signup -->
        <test-method is-config="true" signature="screenshotOnFailure(org.testng.ITestResult)[pri:0, instance:Tests.MakeOrderTest@2e1d27ba]" started-at="2020-12-27T17:45:44 EET" name="screenshotOnFailure" finished-at="2020-12-27T17:45:44 EET" duration-ms="1" status="PASS">
          <params>
            <param index="0">
              <value>
                <![CDATA[[TestResult name=Signup status=SUCCESS method=MakeOrderTest.Signup()[pri:2, instance:Tests.MakeOrderTest@2e1d27ba] output={null}]]]>
              </value>
            </param>
          </params>
          <reporter-output>
          </reporter-output>
        </test-method> <!-- screenshotOnFailure -->
        <test-method signature="CreateAccount(java.lang.String, java.lang.String, java.lang.String, java.lang.String, java.lang.String, java.lang.String, java.lang.String, java.lang.String, java.lang.String, java.lang.String, java.lang.String, java.lang.String, java.lang.String, java.lang.String)[pri:3, instance:Tests.MakeOrderTest@2e1d27ba]" started-at="2020-12-27T17:45:44 EET" name="CreateAccount" data-provider="TestData" finished-at="2020-12-27T17:45:49 EET" depends-on-methods="Tests.MakeOrderTest.Signup" duration-ms="5144" status="PASS">
          <params>
            <param index="0">
              <value>
                <![CDATA[Nada]]>
              </value>
            </param>
            <param index="1">
              <value>
                <![CDATA[Ali]]>
              </value>
            </param>
            <param index="2">
              <value>
                <![CDATA[123456]]>
              </value>
            </param>
            <param index="3">
              <value>
                <![CDATA[3,maadi,motheda]]>
              </value>
            </param>
            <param index="4">
              <value>
                <![CDATA[maddiCity]]>
              </value>
            </param>
            <param index="5">
              <value>
                <![CDATA[01098943541]]>
              </value>
            </param>
            <param index="6">
              <value>
                <![CDATA[00000]]>
              </value>
            </param>
            <param index="7">
              <value>
                <![CDATA[aliasAddress]]>
              </value>
            </param>
            <param index="8">
              <value>
                <![CDATA[26]]>
              </value>
            </param>
            <param index="9">
              <value>
                <![CDATA[1994]]>
              </value>
            </param>
            <param index="10">
              <value>
                <![CDATA[4]]>
              </value>
            </param>
            <param index="11">
              <value>
                <![CDATA[vodafone]]>
              </value>
            </param>
            <param index="12">
              <value>
                <![CDATA[5]]>
              </value>
            </param>
            <param index="13">
              <value>
                <![CDATA[United States]]>
              </value>
            </param>
          </params>
          <reporter-output>
          </reporter-output>
        </test-method> <!-- CreateAccount -->
        <test-method is-config="true" signature="screenshotOnFailure(org.testng.ITestResult)[pri:0, instance:Tests.MakeOrderTest@2e1d27ba]" started-at="2020-12-27T17:45:49 EET" name="screenshotOnFailure" finished-at="2020-12-27T17:45:49 EET" duration-ms="0" status="PASS">
          <params>
            <param index="0">
              <value>
                <![CDATA[[TestResult name=CreateAccount status=SUCCESS method=MakeOrderTest.CreateAccount(java.lang.String, java.lang.String, java.lang.String, java.lang.String, java.lang.String, java.lang.String, java.lang.String, java.lang.String, java.lang.String, java.lang.String, java.lang.String, java.lang.String, java.lang.String, java.lang.String)[pri:3, instance:Tests.MakeOrderTest@2e1d27ba] output={null}]]]>
              </value>
            </param>
          </params>
          <reporter-output>
          </reporter-output>
        </test-method> <!-- screenshotOnFailure -->
        <test-method signature="NavigateToSubCategory()[pri:4, instance:Tests.MakeOrderTest@2e1d27ba]" started-at="2020-12-27T17:45:49 EET" name="NavigateToSubCategory" finished-at="2020-12-27T17:45:52 EET" depends-on-methods="Tests.MakeOrderTest.CreateAccount" duration-ms="2487" status="PASS">
          <reporter-output>
          </reporter-output>
        </test-method> <!-- NavigateToSubCategory -->
        <test-method is-config="true" signature="screenshotOnFailure(org.testng.ITestResult)[pri:0, instance:Tests.MakeOrderTest@2e1d27ba]" started-at="2020-12-27T17:45:52 EET" name="screenshotOnFailure" finished-at="2020-12-27T17:45:52 EET" duration-ms="0" status="PASS">
          <params>
            <param index="0">
              <value>
                <![CDATA[[TestResult name=NavigateToSubCategory status=SUCCESS method=MakeOrderTest.NavigateToSubCategory()[pri:4, instance:Tests.MakeOrderTest@2e1d27ba] output={null}]]]>
              </value>
            </param>
          </params>
          <reporter-output>
          </reporter-output>
        </test-method> <!-- screenshotOnFailure -->
        <test-method signature="NavigateToCart()[pri:5, instance:Tests.MakeOrderTest@2e1d27ba]" started-at="2020-12-27T17:45:52 EET" name="NavigateToCart" finished-at="2020-12-27T17:45:54 EET" depends-on-methods="Tests.MakeOrderTest.NavigateToSubCategory" duration-ms="2794" status="PASS">
          <reporter-output>
          </reporter-output>
        </test-method> <!-- NavigateToCart -->
        <test-method is-config="true" signature="screenshotOnFailure(org.testng.ITestResult)[pri:0, instance:Tests.MakeOrderTest@2e1d27ba]" started-at="2020-12-27T17:45:54 EET" name="screenshotOnFailure" finished-at="2020-12-27T17:45:54 EET" duration-ms="0" status="PASS">
          <params>
            <param index="0">
              <value>
                <![CDATA[[TestResult name=NavigateToCart status=SUCCESS method=MakeOrderTest.NavigateToCart()[pri:5, instance:Tests.MakeOrderTest@2e1d27ba] output={null}]]]>
              </value>
            </param>
          </params>
          <reporter-output>
          </reporter-output>
        </test-method> <!-- screenshotOnFailure -->
        <test-method signature="ProceedToCheckOut()[pri:6, instance:Tests.MakeOrderTest@2e1d27ba]" started-at="2020-12-27T17:45:54 EET" name="ProceedToCheckOut" finished-at="2020-12-27T17:46:00 EET" depends-on-methods="Tests.MakeOrderTest.NavigateToCart" duration-ms="5762" status="PASS">
          <reporter-output>
          </reporter-output>
        </test-method> <!-- ProceedToCheckOut -->
        <test-method is-config="true" signature="screenshotOnFailure(org.testng.ITestResult)[pri:0, instance:Tests.MakeOrderTest@2e1d27ba]" started-at="2020-12-27T17:46:00 EET" name="screenshotOnFailure" finished-at="2020-12-27T17:46:00 EET" duration-ms="1" status="PASS">
          <params>
            <param index="0">
              <value>
                <![CDATA[[TestResult name=ProceedToCheckOut status=SUCCESS method=MakeOrderTest.ProceedToCheckOut()[pri:6, instance:Tests.MakeOrderTest@2e1d27ba] output={null}]]]>
              </value>
            </param>
          </params>
          <reporter-output>
          </reporter-output>
        </test-method> <!-- screenshotOnFailure -->
        <test-method signature="payment()[pri:7, instance:Tests.MakeOrderTest@2e1d27ba]" started-at="2020-12-27T17:46:00 EET" name="payment" finished-at="2020-12-27T17:46:04 EET" depends-on-methods="Tests.MakeOrderTest.ProceedToCheckOut" duration-ms="3523" status="PASS">
          <reporter-output>
          </reporter-output>
        </test-method> <!-- payment -->
        <test-method is-config="true" signature="screenshotOnFailure(org.testng.ITestResult)[pri:0, instance:Tests.MakeOrderTest@2e1d27ba]" started-at="2020-12-27T17:46:04 EET" name="screenshotOnFailure" finished-at="2020-12-27T17:46:04 EET" duration-ms="1" status="PASS">
          <params>
            <param index="0">
              <value>
                <![CDATA[[TestResult name=payment status=SUCCESS method=MakeOrderTest.payment()[pri:7, instance:Tests.MakeOrderTest@2e1d27ba] output={null}]]]>
              </value>
            </param>
          </params>
          <reporter-output>
          </reporter-output>
        </test-method> <!-- screenshotOnFailure -->
        <test-method signature="Confirm_OrderPlaced()[pri:8, instance:Tests.MakeOrderTest@2e1d27ba]" started-at="2020-12-27T17:46:04 EET" name="Confirm_OrderPlaced" finished-at="2020-12-27T17:46:05 EET" depends-on-methods="Tests.MakeOrderTest.payment" duration-ms="1633" status="PASS">
          <reporter-output>
          </reporter-output>
        </test-method> <!-- Confirm_OrderPlaced -->
        <test-method is-config="true" signature="screenshotOnFailure(org.testng.ITestResult)[pri:0, instance:Tests.MakeOrderTest@2e1d27ba]" started-at="2020-12-27T17:46:05 EET" name="screenshotOnFailure" finished-at="2020-12-27T17:46:05 EET" duration-ms="1" status="PASS">
          <params>
            <param index="0">
              <value>
                <![CDATA[[TestResult name=Confirm_OrderPlaced status=SUCCESS method=MakeOrderTest.Confirm_OrderPlaced()[pri:8, instance:Tests.MakeOrderTest@2e1d27ba] output={null}]]]>
              </value>
            </param>
          </params>
          <reporter-output>
          </reporter-output>
        </test-method> <!-- screenshotOnFailure -->
      </class> <!-- Tests.MakeOrderTest -->
    </test> <!-- Default test -->
  </suite> <!-- Default suite -->
</testng-results>
